[0.416s] Invoking command in '/home/shuma/ros2_ws/src/mypkg': PYTHONPATH=/home/shuma/ros2_ws/src/mypkg/install/mypkg/lib/python3.10/site-packages:${PYTHONPATH} /usr/bin/python3 setup.py egg_info --egg-base build/mypkg build --build-base /home/shuma/ros2_ws/src/mypkg/build/mypkg/build install --prefix /home/shuma/ros2_ws/src/mypkg/install/mypkg --record /home/shuma/ros2_ws/src/mypkg/build/mypkg/install.log --single-version-externally-managed
[0.575s] running egg_info
[0.575s] creating build/mypkg/mypkg.egg-info
[0.576s] writing build/mypkg/mypkg.egg-info/PKG-INFO
[0.576s] writing dependency_links to build/mypkg/mypkg.egg-info/dependency_links.txt
[0.576s] writing entry points to build/mypkg/mypkg.egg-info/entry_points.txt
[0.576s] writing requirements to build/mypkg/mypkg.egg-info/requires.txt
[0.576s] writing top-level names to build/mypkg/mypkg.egg-info/top_level.txt
[0.576s] writing manifest file 'build/mypkg/mypkg.egg-info/SOURCES.txt'
[0.578s] reading manifest file 'build/mypkg/mypkg.egg-info/SOURCES.txt'
[0.578s] writing manifest file 'build/mypkg/mypkg.egg-info/SOURCES.txt'
[0.578s] running build
[0.579s] running build_py
[0.579s] creating /home/shuma/ros2_ws/src/mypkg/build/mypkg/build
[0.579s] creating /home/shuma/ros2_ws/src/mypkg/build/mypkg/build/lib
[0.579s] creating /home/shuma/ros2_ws/src/mypkg/build/mypkg/build/lib/mypkg
[0.579s] copying mypkg/talker.py -> /home/shuma/ros2_ws/src/mypkg/build/mypkg/build/lib/mypkg
[0.579s] /usr/lib/python3/dist-packages/setuptools/command/install.py:34: SetuptoolsDeprecationWarning: setup.py install is deprecated. Use build and pip and other standards-based tools.
[0.579s]   warnings.warn(
[0.579s] copying mypkg/listener.py -> /home/shuma/ros2_ws/src/mypkg/build/mypkg/build/lib/mypkg
[0.579s] copying mypkg/__init__.py -> /home/shuma/ros2_ws/src/mypkg/build/mypkg/build/lib/mypkg
[0.579s] running install
[0.580s] running install_lib
[0.580s] creating /home/shuma/ros2_ws/src/mypkg/install/mypkg/lib/python3.10/site-packages/mypkg
[0.580s] copying /home/shuma/ros2_ws/src/mypkg/build/mypkg/build/lib/mypkg/talker.py -> /home/shuma/ros2_ws/src/mypkg/install/mypkg/lib/python3.10/site-packages/mypkg
[0.580s] copying /home/shuma/ros2_ws/src/mypkg/build/mypkg/build/lib/mypkg/listener.py -> /home/shuma/ros2_ws/src/mypkg/install/mypkg/lib/python3.10/site-packages/mypkg
[0.580s] copying /home/shuma/ros2_ws/src/mypkg/build/mypkg/build/lib/mypkg/__init__.py -> /home/shuma/ros2_ws/src/mypkg/install/mypkg/lib/python3.10/site-packages/mypkg
[0.581s] byte-compiling /home/shuma/ros2_ws/src/mypkg/install/mypkg/lib/python3.10/site-packages/mypkg/talker.py to talker.cpython-310.pyc
[0.581s] byte-compiling /home/shuma/ros2_ws/src/mypkg/install/mypkg/lib/python3.10/site-packages/mypkg/listener.py to listener.cpython-310.pyc
[0.581s] byte-compiling /home/shuma/ros2_ws/src/mypkg/install/mypkg/lib/python3.10/site-packages/mypkg/__init__.py to __init__.cpython-310.pyc
[0.581s] running install_data
[0.582s] creating /home/shuma/ros2_ws/src/mypkg/install/mypkg/share/ament_index
[0.582s] creating /home/shuma/ros2_ws/src/mypkg/install/mypkg/share/ament_index/resource_index
[0.582s] creating /home/shuma/ros2_ws/src/mypkg/install/mypkg/share/ament_index/resource_index/packages
[0.582s] copying resource/mypkg -> /home/shuma/ros2_ws/src/mypkg/install/mypkg/share/ament_index/resource_index/packages
[0.582s] copying package.xml -> /home/shuma/ros2_ws/src/mypkg/install/mypkg/share/mypkg
[0.582s] running install_egg_info
[0.583s] Copying build/mypkg/mypkg.egg-info to /home/shuma/ros2_ws/src/mypkg/install/mypkg/lib/python3.10/site-packages/mypkg-0.0.0-py3.10.egg-info
[0.584s] running install_scripts
[0.599s] Installing talker script to /home/shuma/ros2_ws/src/mypkg/install/mypkg/lib/mypkg
[0.600s] writing list of installed files to '/home/shuma/ros2_ws/src/mypkg/build/mypkg/install.log'
[0.617s] Invoked command in '/home/shuma/ros2_ws/src/mypkg' returned '0': PYTHONPATH=/home/shuma/ros2_ws/src/mypkg/install/mypkg/lib/python3.10/site-packages:${PYTHONPATH} /usr/bin/python3 setup.py egg_info --egg-base build/mypkg build --build-base /home/shuma/ros2_ws/src/mypkg/build/mypkg/build install --prefix /home/shuma/ros2_ws/src/mypkg/install/mypkg --record /home/shuma/ros2_ws/src/mypkg/build/mypkg/install.log --single-version-externally-managed
