[0.445s] Invoking command in '/home/shuma/ros2_ws/src/mypkg': PYTHONPATH=/home/shuma/ros2_ws/src/mypkg/install/mypkg/lib/python3.10/site-packages:${PYTHONPATH} /usr/bin/python3 setup.py egg_info --egg-base build/mypkg build --build-base /home/shuma/ros2_ws/src/mypkg/build/mypkg/build install --prefix /home/shuma/ros2_ws/src/mypkg/install/mypkg --record /home/shuma/ros2_ws/src/mypkg/build/mypkg/install.log --single-version-externally-managed
[0.617s] running egg_info
[0.617s] writing build/mypkg/mypkg.egg-info/PKG-INFO
[0.618s] writing dependency_links to build/mypkg/mypkg.egg-info/dependency_links.txt
[0.618s] writing entry points to build/mypkg/mypkg.egg-info/entry_points.txt
[0.618s] writing requirements to build/mypkg/mypkg.egg-info/requires.txt
[0.619s] writing top-level names to build/mypkg/mypkg.egg-info/top_level.txt
[0.620s] reading manifest file 'build/mypkg/mypkg.egg-info/SOURCES.txt'
[0.620s] adding license file 'LICENSE'
[0.621s] writing manifest file 'build/mypkg/mypkg.egg-info/SOURCES.txt'
[0.621s] running build
[0.621s] running build_py
[0.622s] running install
[0.622s] /usr/lib/python3/dist-packages/setuptools/command/install.py:34: SetuptoolsDeprecationWarning: setup.py install is deprecated. Use build and pip and other standards-based tools.
[0.622s]   warnings.warn(
[0.622s] running install_lib
[0.623s] running install_data
[0.624s] running install_egg_info
[0.625s] removing '/home/shuma/ros2_ws/src/mypkg/install/mypkg/lib/python3.10/site-packages/mypkg-0.0.0-py3.10.egg-info' (and everything under it)
[0.625s] Copying build/mypkg/mypkg.egg-info to /home/shuma/ros2_ws/src/mypkg/install/mypkg/lib/python3.10/site-packages/mypkg-0.0.0-py3.10.egg-info
[0.626s] running install_scripts
[0.643s] Installing listener script to /home/shuma/ros2_ws/src/mypkg/install/mypkg/lib/mypkg
[0.643s] Installing talker script to /home/shuma/ros2_ws/src/mypkg/install/mypkg/lib/mypkg
[0.643s] writing list of installed files to '/home/shuma/ros2_ws/src/mypkg/build/mypkg/install.log'
[0.672s] Invoked command in '/home/shuma/ros2_ws/src/mypkg' returned '0': PYTHONPATH=/home/shuma/ros2_ws/src/mypkg/install/mypkg/lib/python3.10/site-packages:${PYTHONPATH} /usr/bin/python3 setup.py egg_info --egg-base build/mypkg build --build-base /home/shuma/ros2_ws/src/mypkg/build/mypkg/build install --prefix /home/shuma/ros2_ws/src/mypkg/install/mypkg --record /home/shuma/ros2_ws/src/mypkg/build/mypkg/install.log --single-version-externally-managed
