[0.516s] Invoking command in '/home/shuma/ros2_ws/src/mypkg': PYTHONPATH=/home/shuma/ros2_ws/src/mypkg/install/mypkg/lib/python3.10/site-packages:${PYTHONPATH} /usr/bin/python3 setup.py egg_info --egg-base build/mypkg build --build-base /home/shuma/ros2_ws/src/mypkg/build/mypkg/build install --prefix /home/shuma/ros2_ws/src/mypkg/install/mypkg --record /home/shuma/ros2_ws/src/mypkg/build/mypkg/install.log --single-version-externally-managed
[0.698s] running egg_info
[0.699s] writing build/mypkg/mypkg.egg-info/PKG-INFO
[0.729s] writing dependency_links to build/mypkg/mypkg.egg-info/dependency_links.txt
[0.730s] writing entry points to build/mypkg/mypkg.egg-info/entry_points.txt
[0.730s] writing requirements to build/mypkg/mypkg.egg-info/requires.txt
[0.730s] writing top-level names to build/mypkg/mypkg.egg-info/top_level.txt
[0.731s] reading manifest file 'build/mypkg/mypkg.egg-info/SOURCES.txt'
[0.733s] adding license file 'LICENSE'
[0.733s] writing manifest file 'build/mypkg/mypkg.egg-info/SOURCES.txt'
[0.733s] running build
[0.734s] running build_py
[0.735s] running install
[0.735s] /usr/lib/python3/dist-packages/setuptools/command/install.py:34: SetuptoolsDeprecationWarning: setup.py install is deprecated. Use build and pip and other standards-based tools.
[0.735s]   warnings.warn(
[0.736s] running install_lib
[0.737s] running install_data
[0.738s] running install_egg_info
[0.739s] removing '/home/shuma/ros2_ws/src/mypkg/install/mypkg/lib/python3.10/site-packages/mypkg-0.0.0-py3.10.egg-info' (and everything under it)
[0.740s] Copying build/mypkg/mypkg.egg-info to /home/shuma/ros2_ws/src/mypkg/install/mypkg/lib/python3.10/site-packages/mypkg-0.0.0-py3.10.egg-info
[0.741s] running install_scripts
[0.757s] Installing listener script to /home/shuma/ros2_ws/src/mypkg/install/mypkg/lib/mypkg
[0.758s] Installing talker script to /home/shuma/ros2_ws/src/mypkg/install/mypkg/lib/mypkg
[0.758s] writing list of installed files to '/home/shuma/ros2_ws/src/mypkg/build/mypkg/install.log'
[0.777s] Invoked command in '/home/shuma/ros2_ws/src/mypkg' returned '0': PYTHONPATH=/home/shuma/ros2_ws/src/mypkg/install/mypkg/lib/python3.10/site-packages:${PYTHONPATH} /usr/bin/python3 setup.py egg_info --egg-base build/mypkg build --build-base /home/shuma/ros2_ws/src/mypkg/build/mypkg/build install --prefix /home/shuma/ros2_ws/src/mypkg/install/mypkg --record /home/shuma/ros2_ws/src/mypkg/build/mypkg/install.log --single-version-externally-managed
